Base path: 'C:/Program Files/Unity/Hub/Editor/2019.2.12f1/Editor/Data', plugins path 'C:/Program Files/Unity/Hub/Editor/2019.2.12f1/Editor/Data/PlaybackEngines'
Cmd: initializeCompiler
Cmd: preprocessCompute
  insize=2543 outsize=2549 ok=1
Cmd: preprocessCompute
  insize=18598 outsize=18610 ok=1
Cmd: preprocessCompute
  insize=15477 outsize=15603 ok=1
Cmd: compileComputeKernel
  api=4 insize=15603 outsize=93172 ok=1
Cmd: compileComputeKernel
  api=4 insize=15603 outsize=33824 ok=1
Cmd: compileComputeKernel
  api=4 insize=15603 outsize=37933 ok=1
Cmd: compileComputeKernel
  api=4 insize=15603 outsize=37641 ok=1
Cmd: compileComputeKernel
  api=4 insize=15603 outsize=37617 ok=1
Cmd: preprocessCompute
  insize=25726 outsize=25750 ok=1
Cmd: compileComputeKernel
  api=4 insize=25750 outsize=15193 ok=1
Cmd: preprocessCompute
  insize=3791 outsize=3797 ok=1
Cmd: preprocessCompute
  insize=5761 outsize=5767 ok=1
Cmd: preprocessCompute
  insize=1040 outsize=1042 ok=1
Cmd: preprocessCompute
  insize=3683 outsize=3687 ok=1
Cmd: compileComputeKernel
  api=4 insize=3687 outsize=3172 ok=1
Cmd: preprocessCompute
  insize=1320 outsize=1326 ok=1
Cmd: preprocessCompute
  insize=2644 outsize=2648 ok=1
Cmd: compileComputeKernel
  api=4 insize=2648 outsize=1945 ok=1
Cmd: preprocessCompute
  insize=11249 outsize=11251 ok=1
Cmd: compileComputeKernel
  api=4 insize=11251 outsize=5613 ok=1
Cmd: preprocessCompute
  insize=971 outsize=975 ok=1
Cmd: preprocessCompute
  insize=9329 outsize=9347 ok=1
Cmd: compileComputeKernel
  api=4 insize=9347 outsize=7844 ok=1
Cmd: preprocessCompute
  insize=11377 outsize=11383 ok=1
Cmd: preprocessCompute
  insize=9453 outsize=9461 ok=1
Cmd: compileComputeKernel
  api=4 insize=9461 outsize=4294 ok=1
Cmd: preprocessCompute
  insize=4019 outsize=4025 ok=1
Cmd: compileComputeKernel
  api=4 insize=4025 outsize=4208 ok=1
Cmd: preprocessCompute
  insize=4908 outsize=4918 ok=1
Cmd: compileComputeKernel
  api=4 insize=4918 outsize=2417 ok=1
Cmd: preprocessCompute
  insize=3253 outsize=3257 ok=1
Cmd: preprocessCompute
  insize=11906 outsize=11912 ok=1
Cmd: compileComputeKernel
  api=4 insize=11912 outsize=1307 ok=1
Cmd: preprocessCompute
  insize=7409 outsize=7423 ok=1
Cmd: compileComputeKernel
  api=4 insize=7423 outsize=1128 ok=1
Cmd: preprocessCompute
  insize=3086 outsize=3092 ok=1
Cmd: compileComputeKernel
  api=4 insize=3092 outsize=1991 ok=1
Cmd: preprocessCompute
  insize=1934 outsize=1940 ok=1
Cmd: compileComputeKernel
  api=4 insize=1940 outsize=1220 ok=1
Cmd: preprocessCompute
  insize=12264 outsize=12268 ok=1
Cmd: preprocessCompute
  insize=13612 outsize=13624 ok=1
Cmd: compileComputeKernel
  api=4 insize=13624 outsize=3543 ok=1
Cmd: preprocessCompute
  insize=2641 outsize=2643 ok=1
Cmd: preprocessCompute
  insize=1830 outsize=1834 ok=1
Cmd: preprocessCompute
  insize=21536 outsize=21554 ok=1
Cmd: compileComputeKernel
  api=4 insize=21554 outsize=14529 ok=1
Cmd: preprocessCompute
  insize=7243 outsize=7247 ok=1
Cmd: preprocessCompute
  insize=5902 outsize=5906 ok=1
Cmd: compileComputeKernel
  api=4 insize=5906 outsize=9178 ok=1
Cmd: preprocessCompute
  insize=21745 outsize=21751 ok=1
Cmd: compileComputeKernel
  api=4 insize=21751 outsize=21741 ok=1
Cmd: preprocessCompute
  insize=8630 outsize=8644 ok=1
Cmd: preprocessCompute
  insize=2549 outsize=2553 ok=1
Cmd: preprocessCompute
  insize=2899 outsize=2905 ok=1
Cmd: preprocessCompute
  insize=640 outsize=642 ok=1
Cmd: preprocessCompute
  insize=4421 outsize=4423 ok=1
Cmd: preprocessCompute
  insize=3012 outsize=3022 ok=1
Cmd: compileComputeKernel
  api=4 insize=3022 outsize=3237 ok=1
Cmd: preprocessCompute
  insize=7906 outsize=7918 ok=1
Cmd: compileComputeKernel
  api=4 insize=7918 outsize=695 ok=1
Cmd: preprocessCompute
  insize=851 outsize=857 ok=1
Cmd: preprocessCompute
  insize=1576 outsize=1580 ok=1
Cmd: preprocessCompute
  insize=20658 outsize=20668 ok=1
Cmd: compileComputeKernel
  api=4 insize=20668 outsize=95086 ok=1
Cmd: preprocessCompute
  insize=36481 outsize=36515 ok=1
Cmd: compileComputeKernel
  api=4 insize=36515 outsize=37474 ok=1
Cmd: preprocessCompute
  insize=8344 outsize=8350 ok=1
Cmd: preprocessCompute
  insize=5473 outsize=5477 ok=1
Cmd: preprocessCompute
  insize=17596 outsize=17606 ok=1
Cmd: compileComputeKernel
  api=4 insize=17606 outsize=8154 ok=1
Cmd: preprocessCompute
  insize=5043 outsize=5065 ok=1
Cmd: compileComputeKernel
  api=4 insize=5065 outsize=1808 ok=1
Cmd: preprocessCompute
  insize=823 outsize=824 ok=1
Cmd: preprocessCompute
  insize=15711 outsize=15717 ok=1
Cmd: compileComputeKernel
  api=4 insize=15717 outsize=3063 ok=1
Cmd: preprocessCompute
  insize=2590 outsize=2596 ok=1
Cmd: compileComputeKernel
  api=4 insize=2596 outsize=2268 ok=1
Cmd: preprocessCompute
  insize=3733 outsize=3735 ok=1
Cmd: preprocessCompute
  insize=8960 outsize=8970 ok=1
Cmd: compileComputeKernel
  api=4 insize=8970 outsize=4969 ok=1
Cmd: preprocessCompute
  insize=3035 outsize=3043 ok=1
Cmd: compileComputeKernel
  api=4 insize=3043 outsize=551 ok=1
Cmd: preprocessCompute
  insize=9802 outsize=9814 ok=1
Cmd: preprocessCompute
  insize=3285 outsize=3289 ok=1
Cmd: compileComputeKernel
  api=4 insize=3289 outsize=4635 ok=1
Cmd: preprocessCompute
  insize=7682 outsize=7700 ok=1
Cmd: compileComputeKernel
  api=4 insize=7700 outsize=4339 ok=1
Cmd: preprocessCompute
  insize=3904 outsize=3918 ok=1
Cmd: compileComputeKernel
  api=4 insize=3918 outsize=677 ok=1
Cmd: preprocessCompute
  insize=3650 outsize=3654 ok=1
Cmd: preprocessCompute
  insize=17618 outsize=17632 ok=1
Cmd: compileComputeKernel
  api=4 insize=17632 outsize=2481 ok=1
Cmd: preprocessCompute
  insize=5717 outsize=5725 ok=1
Cmd: preprocessCompute
  insize=3838 outsize=3844 ok=1
Cmd: preprocessCompute
  insize=2504 outsize=2510 ok=1
Cmd: compileComputeKernel
  api=4 insize=2510 outsize=756 ok=1
Cmd: preprocessCompute
  insize=19699 outsize=19711 ok=1
Cmd: compileComputeKernel
  api=4 insize=19711 outsize=14761 ok=1
Cmd: compileSnippet
  api=4 type=0 insize=6186 outsize=1082 kw=UNITY_PASS_SHADOWCASTER INSTANCING_ON _NORMALMAP_TANGENT_SPACE _NORMALMAP _MASKMAP pd=UNITY_ENABLE_REFLECTION_BUFFERS UNITY_USE_DITHER_MASK_FOR_ALPHABLENDED_SHADOWS UNITY_PBS_USE_BRDF1 UNITY_SPECCUBE_BOX_PROJECTION UNITY_SPECCUBE_BLENDING UNITY_ENABLE_DETAIL_NORMALMAP SHADER_API_DESKTOP UNITY_LIGHT_PROBE_PROXY_VOLUME UNITY_LIGHTMAP_FULL_HDR ok=1
Cmd: compileSnippet
  api=4 type=1 insize=6186 outsize=182 kw=UNITY_PASS_SHADOWCASTER INSTANCING_ON _NORMALMAP_TANGENT_SPACE _NORMALMAP _MASKMAP pd=UNITY_ENABLE_REFLECTION_BUFFERS UNITY_USE_DITHER_MASK_FOR_ALPHABLENDED_SHADOWS UNITY_PBS_USE_BRDF1 UNITY_SPECCUBE_BOX_PROJECTION UNITY_SPECCUBE_BLENDING UNITY_ENABLE_DETAIL_NORMALMAP SHADER_API_DESKTOP UNITY_LIGHT_PROBE_PROXY_VOLUME UNITY_LIGHTMAP_FULL_HDR ok=1
Cmd: compileSnippet
  api=4 type=0 insize=6186 outsize=810 kw=UNITY_PASS_SHADOWCASTER _SURFACE_TYPE_TRANSPARENT _NORMALMAP_TANGENT_SPACE _NORMALMAP _MASKMAP _BLENDMODE_ALPHA _BLENDMODE_PRESERVE_SPECULAR_LIGHTING _ENABLE_FOG_ON_TRANSPARENT pd=UNITY_ENABLE_REFLECTION_BUFFERS UNITY_USE_DITHER_MASK_FOR_ALPHABLENDED_SHADOWS UNITY_PBS_USE_BRDF1 UNITY_SPECCUBE_BOX_PROJECTION UNITY_SPECCUBE_BLENDING UNITY_ENABLE_DETAIL_NORMALMAP SHADER_API_DESKTOP UNITY_LIGHT_PROBE_PROXY_VOLUME UNITY_LIGHTMAP_FULL_HDR ok=1
Cmd: compileSnippet
  api=4 type=1 insize=6186 outsize=142 kw=UNITY_PASS_SHADOWCASTER _SURFACE_TYPE_TRANSPARENT _NORMALMAP_TANGENT_SPACE _NORMALMAP _MASKMAP _BLENDMODE_ALPHA _BLENDMODE_PRESERVE_SPECULAR_LIGHTING _ENABLE_FOG_ON_TRANSPARENT pd=UNITY_ENABLE_REFLECTION_BUFFERS UNITY_USE_DITHER_MASK_FOR_ALPHABLENDED_SHADOWS UNITY_PBS_USE_BRDF1 UNITY_SPECCUBE_BOX_PROJECTION UNITY_SPECCUBE_BLENDING UNITY_ENABLE_DETAIL_NORMALMAP SHADER_API_DESKTOP UNITY_LIGHT_PROBE_PROXY_VOLUME UNITY_LIGHTMAP_FULL_HDR ok=1
Cmd: compileSnippet
  api=4 type=0 insize=8218 outsize=1670 kw=DECALS_3RT SHADOW_LOW USE_CLUSTERED_LIGHTLIST _SURFACE_TYPE_TRANSPARENT _NORMALMAP_TANGENT_SPACE _NORMALMAP _MASKMAP _BLENDMODE_ALPHA _BLENDMODE_PRESERVE_SPECULAR_LIGHTING _ENABLE_FOG_ON_TRANSPARENT pd=UNITY_ENABLE_REFLECTION_BUFFERS UNITY_USE_DITHER_MASK_FOR_ALPHABLENDED_SHADOWS UNITY_PBS_USE_BRDF1 UNITY_SPECCUBE_BOX_PROJECTION UNITY_SPECCUBE_BLENDING UNITY_ENABLE_DETAIL_NORMALMAP SHADER_API_DESKTOP UNITY_LIGHT_PROBE_PROXY_VOLUME UNITY_LIGHTMAP_FULL_HDR ok=1
Cmd: compileSnippet
  api=4 type=1 insize=8218 outsize=74594 kw=DECALS_3RT SHADOW_LOW USE_CLUSTERED_LIGHTLIST _SURFACE_TYPE_TRANSPARENT _NORMALMAP_TANGENT_SPACE _NORMALMAP _MASKMAP _BLENDMODE_ALPHA _BLENDMODE_PRESERVE_SPECULAR_LIGHTING _ENABLE_FOG_ON_TRANSPARENT pd=UNITY_ENABLE_REFLECTION_BUFFERS UNITY_USE_DITHER_MASK_FOR_ALPHABLENDED_SHADOWS UNITY_PBS_USE_BRDF1 UNITY_SPECCUBE_BOX_PROJECTION UNITY_SPECCUBE_BLENDING UNITY_ENABLE_DETAIL_NORMALMAP SHADER_API_DESKTOP UNITY_LIGHT_PROBE_PROXY_VOLUME UNITY_LIGHTMAP_FULL_HDR ok=1
