Base path: 'C:/Program Files/Unity/Hub/Editor/2019.2.12f1/Editor/Data', plugins path 'C:/Program Files/Unity/Hub/Editor/2019.2.12f1/Editor/Data/PlaybackEngines'
Cmd: initializeCompiler
Cmd: compileComputeKernel
  api=4 insize=15603 outsize=116548 ok=1
Cmd: compileComputeKernel
  api=4 insize=15603 outsize=68240 ok=1
Cmd: compileComputeKernel
  api=4 insize=25750 outsize=15917 ok=1
Cmd: compileComputeKernel
  api=4 insize=1042 outsize=3163 ok=1
Cmd: compileComputeKernel
  api=4 insize=9347 outsize=7442 ok=1
Cmd: compileComputeKernel
  api=4 insize=9461 outsize=467 ok=1
Cmd: compileComputeKernel
  api=4 insize=3022 outsize=2047 ok=1
Cmd: compileComputeKernel
  api=4 insize=36515 outsize=36014 ok=1
Cmd: compileComputeKernel
  api=4 insize=8350 outsize=2100 ok=1
Cmd: compileComputeKernel
  api=4 insize=9814 outsize=4045 ok=1
Cmd: compileComputeKernel
  api=4 insize=17632 outsize=638 ok=1
Cmd: compileComputeKernel
  api=4 insize=5725 outsize=629 ok=1

Quitting shader compiler process
